Using pre-set license
Built from '2020.3/staging' branch; Version is '2020.3.14f1 (d0d1bb862f9d) revision 13685179'; Using compiler version '192528614'; Build Type 'Release'
OS: 'Windows 10 Home; OS build 19043.1288; Version 2009; 64bit' Language: 'es' Physical Memory: 16151 MB
BatchMode: 1, IsHumanControllingUs: 0, StartBugReporterOnCrash: 0, Is64bit: 1, IsPro: 0

 COMMAND LINE ARGUMENTS:
C:\Program Files\Unity\Hub\Editor\2020.3.14f1\Editor\Unity.exe
-adb2
-batchMode
-noUpm
-name
AssetImportWorker0
-projectPath
C:/Users/Admin/OneDrive/Escritorio/coder house/Desafios/DesafiosCoderHouse/Desafio bala
-logFile
Logs/AssetImportWorker0.log
-srvPort
56239
Successfully changed project path to: C:/Users/Admin/OneDrive/Escritorio/coder house/Desafios/DesafiosCoderHouse/Desafio bala
C:/Users/Admin/OneDrive/Escritorio/coder house/Desafios/DesafiosCoderHouse/Desafio bala
Using Asset Import Pipeline V2.
Refreshing native plugins compatible for Editor in 89.03 ms, found 2 plugins.
Preloading 0 native plugins for Editor in 0.00 ms.
Initialize engine version: 2020.3.14f1 (d0d1bb862f9d)
[Subsystems] Discovering subsystems at path C:/Program Files/Unity/Hub/Editor/2020.3.14f1/Editor/Data/Resources/UnitySubsystems
[Subsystems] Discovering subsystems at path C:/Users/Admin/OneDrive/Escritorio/coder house/Desafios/DesafiosCoderHouse/Desafio bala/Assets
GfxDevice: creating device client; threaded=0
Direct3D:
    Version:  Direct3D 11.0 [level 11.1]
    Renderer: NVIDIA GeForce MX230 (ID=0x1d11)
    Vendor:   
    VRAM:     1984 MB
    Driver:   27.21.14.6231
Initialize mono
Mono path[0] = 'C:/Program Files/Unity/Hub/Editor/2020.3.14f1/Editor/Data/Managed'
Mono path[1] = 'C:/Program Files/Unity/Hub/Editor/2020.3.14f1/Editor/Data/MonoBleedingEdge/lib/mono/unityjit'
Mono config path = 'C:/Program Files/Unity/Hub/Editor/2020.3.14f1/Editor/Data/MonoBleedingEdge/etc'
Using monoOptions --debugger-agent=transport=dt_socket,embedding=1,server=y,suspend=n,address=127.0.0.1:56200
Begin MonoManager ReloadAssembly
Registering precompiled unity dll's ...
Register platform support module: C:/Program Files/Unity/Hub/Editor/2020.3.14f1/Editor/Data/PlaybackEngines/WindowsStandaloneSupport/UnityEditor.WindowsStandalone.Extensions.dll
Registered in 0.005278 seconds.
Native extension for WindowsStandalone target not found
Refreshing native plugins compatible for Editor in 64.89 ms, found 2 plugins.
Preloading 0 native plugins for Editor in 0.00 ms.
Mono: successfully reloaded assembly
- Completed reload, in  3.901 seconds
Domain Reload Profiling:
	ReloadAssembly (3902ms)
		BeginReloadAssembly (78ms)
			ExecutionOrderSort (0ms)
			DisableScriptedObjects (0ms)
			BackupInstance (0ms)
			ReleaseScriptingObjects (0ms)
			CreateAndSetChildDomain (2ms)
		EndReloadAssembly (937ms)
			LoadAssemblies (74ms)
			RebuildTransferFunctionScriptingTraits (0ms)
			SetupTypeCache (304ms)
			ReleaseScriptCaches (0ms)
			RebuildScriptCaches (80ms)
			SetupLoadedEditorAssemblies (393ms)
				LogAssemblyErrors (0ms)
				InitializePlatformSupportModulesInManaged (9ms)
				SetLoadedEditorAssemblies (0ms)
				RefreshPlugins (65ms)
				BeforeProcessingInitializeOnLoad (32ms)
				ProcessInitializeOnLoadAttributes (214ms)
				ProcessInitializeOnLoadMethodAttributes (72ms)
				AfterProcessingInitializeOnLoad (0ms)
				EditorAssembliesLoaded (0ms)
			ExecutionOrderSort2 (0ms)
			AwakeInstancesAfterBackupRestoration (0ms)
Platform modules already initialized, skipping
Registering precompiled user dll's ...
Registered in 0.008408 seconds.
Begin MonoManager ReloadAssembly
Native extension for WindowsStandalone target not found
Refreshing native plugins compatible for Editor in 0.48 ms, found 2 plugins.
Preloading 0 native plugins for Editor in 0.00 ms.
Mono: successfully reloaded assembly
- Completed reload, in  2.458 seconds
Domain Reload Profiling:
	ReloadAssembly (2460ms)
		BeginReloadAssembly (336ms)
			ExecutionOrderSort (0ms)
			DisableScriptedObjects (14ms)
			BackupInstance (0ms)
			ReleaseScriptingObjects (0ms)
			CreateAndSetChildDomain (45ms)
		EndReloadAssembly (1996ms)
			LoadAssemblies (179ms)
			RebuildTransferFunctionScriptingTraits (0ms)
			SetupTypeCache (629ms)
			ReleaseScriptCaches (1ms)
			RebuildScriptCaches (115ms)
			SetupLoadedEditorAssemblies (850ms)
				LogAssemblyErrors (0ms)
				InitializePlatformSupportModulesInManaged (12ms)
				SetLoadedEditorAssemblies (1ms)
				RefreshPlugins (1ms)
				BeforeProcessingInitializeOnLoad (263ms)
				ProcessInitializeOnLoadAttributes (542ms)
				ProcessInitializeOnLoadMethodAttributes (16ms)
				AfterProcessingInitializeOnLoad (14ms)
				EditorAssembliesLoaded (1ms)
			ExecutionOrderSort2 (0ms)
			AwakeInstancesAfterBackupRestoration (15ms)
Platform modules already initialized, skipping
========================================================================
Worker process is ready to serve import requests
Launched and connected shader compiler UnityShaderCompiler.exe after 0.11 seconds
Refreshing native plugins compatible for Editor in 1.35 ms, found 2 plugins.
Preloading 0 native plugins for Editor in 0.00 ms.
Unloading 1390 Unused Serialized files (Serialized files now loaded: 0)
System memory in use before: 77.7 MB.
System memory in use after: 77.8 MB.

Unloading 19 unused Assets to reduce memory usage. Loaded Objects now: 1840.
Total: 5.334400 ms (FindLiveObjects: 0.295800 ms CreateObjectMapping: 0.118400 ms MarkObjects: 4.655300 ms  DeleteObjects: 0.262100 ms)

AssetImportParameters requested are different than current active one (requested -> active):
  custom:framework-win-MediaFoundation: 216162199b28c13a410421893ffa2e32 -> 
  custom:video-decoder-ogg-theora: a1e56fd34408186e4bbccfd4996cb3dc -> 
  custom:container-muxer-webm: aa71ff27fc2769a1b78a27578f13a17b -> 
  custom:container-demuxer-webm: 4f35f7cbe854078d1ac9338744f61a02 -> 
  custom:container-demuxer-ogg: 62fdf1f143b41e24485cea50d1cbac27 -> 
  custom:video-encoder-webm-vp8: eb34c28f22e8b96e1ab97ce403110664 -> 
  custom:video-decoder-webm-vp8: 9c59270c3fd7afecdb556c50c9e8de78 -> 
  custom:audio-decoder-ogg-vorbis: bf7c407c2cedff20999df2af8eb42d56 -> 
  custom:audio-encoder-webm-vorbis: bf7c407c2cedff20999df2af8eb42d56 -> 
========================================================================
Received Import Request.
  path: Assets/Scenes/Desafio 5.unity
  artifactKey: Guid(ce5f1c661dd945941a9976ec9ee3860d) Importer(815301076,1909f56bfc062723c751e8b465ee728b)
Start importing Assets/Scenes/Desafio 5.unity using Guid(ce5f1c661dd945941a9976ec9ee3860d) Importer(815301076,1909f56bfc062723c751e8b465ee728b)  -> (artifact id: 'e1e83e8daadb06d772810e73d01b7dae') in 0.049704 seconds 
  Import took 0.054096 seconds .

========================================================================
Received Import Request.
  Time since last request: 18.418813 seconds.
  path: Assets/Scenes/Desafio Complementario
  artifactKey: Guid(8f7ddfed8b664a146aff243996c5dd4f) Importer(815301076,1909f56bfc062723c751e8b465ee728b)
Start importing Assets/Scenes/Desafio Complementario using Guid(8f7ddfed8b664a146aff243996c5dd4f) Importer(815301076,1909f56bfc062723c751e8b465ee728b)  -> (artifact id: '56da752d961ea36bb85ca701f79e43f5') in 0.021637 seconds 
  Import took 0.026547 seconds .

========================================================================
Received Import Request.
  Time since last request: 11.570697 seconds.
  path: Assets/Scenes/Desafio Complementario.unity
  artifactKey: Guid(44f003bf1ed04a84aa642811862c0165) Importer(815301076,1909f56bfc062723c751e8b465ee728b)
Start importing Assets/Scenes/Desafio Complementario.unity using Guid(44f003bf1ed04a84aa642811862c0165) Importer(815301076,1909f56bfc062723c751e8b465ee728b)  -> (artifact id: 'd9683a08e95f7dee6f00d475a6a57e77') in 0.021281 seconds 
  Import took 0.025978 seconds .

========================================================================
Received Import Request.
  Time since last request: 30.412719 seconds.
  path: Assets/prefabs/Bullet.prefab
  artifactKey: Guid(71dc62aabb456ec42b602b7c1a6cb64e) Importer(815301076,1909f56bfc062723c751e8b465ee728b)
Start importing Assets/prefabs/Bullet.prefab using Guid(71dc62aabb456ec42b602b7c1a6cb64e) Importer(815301076,1909f56bfc062723c751e8b465ee728b)  -> (artifact id: '2d0998f06bc96000815639c03c0d7595') in 0.267293 seconds 
  Import took 0.273794 seconds .

========================================================================
Received Import Request.
  Time since last request: 0.000348 seconds.
  path: Assets/prefabs/Sphere.prefab
  artifactKey: Guid(45ca93104b4e99844a37e63327d3de52) Importer(815301076,1909f56bfc062723c751e8b465ee728b)
Start importing Assets/prefabs/Sphere.prefab using Guid(45ca93104b4e99844a37e63327d3de52) Importer(815301076,1909f56bfc062723c751e8b465ee728b)  -> (artifact id: 'cd147e37780d9b5fcd065ec292b5ff55') in 0.041210 seconds 
  Import took 0.048828 seconds .

========================================================================
Received Import Request.
  Time since last request: 0.000242 seconds.
  path: Assets/prefabs/Bullet.prefab
  artifactKey: Guid(71dc62aabb456ec42b602b7c1a6cb64e) Importer(815301076,1909f56bfc062723c751e8b465ee728b)
Start importing Assets/prefabs/Bullet.prefab using Guid(71dc62aabb456ec42b602b7c1a6cb64e) Importer(815301076,1909f56bfc062723c751e8b465ee728b)  -> (artifact id: '2d0998f06bc96000815639c03c0d7595') in 0.027694 seconds 
  Import took 0.032584 seconds .

========================================================================
Received Import Request.
  Time since last request: 17.380422 seconds.
  path: Assets/Models/Spawner.prefab
  artifactKey: Guid(88ed91368c286314986f38f8c57292f4) Importer(815301076,1909f56bfc062723c751e8b465ee728b)
Start importing Assets/Models/Spawner.prefab using Guid(88ed91368c286314986f38f8c57292f4) Importer(815301076,1909f56bfc062723c751e8b465ee728b)  -> (artifact id: 'fcf530a3dab93a14f6a21062bee0e265') in 0.021723 seconds 
  Import took 0.027119 seconds .

========================================================================
Received Import Request.
  Time since last request: 2291.717950 seconds.
  path: Assets/Models/cannon.fbx
  artifactKey: Guid(18352f3db048deb47a8f80556fa74575) Importer(815301076,1909f56bfc062723c751e8b465ee728b)
Start importing Assets/Models/cannon.fbx using Guid(18352f3db048deb47a8f80556fa74575) Importer(815301076,1909f56bfc062723c751e8b465ee728b)  -> (artifact id: '6fdf62e11a49635f34aeef8c01a79a1e') in 0.776505 seconds 
  Import took 0.784542 seconds .

========================================================================
Received Import Request.
  Time since last request: 208.265453 seconds.
  path: Assets/Models/Room.fbx
  artifactKey: Guid(37a81c577d243ab4b91e678190890017) Importer(815301076,1909f56bfc062723c751e8b465ee728b)
Start importing Assets/Models/Room.fbx using Guid(37a81c577d243ab4b91e678190890017) Importer(815301076,1909f56bfc062723c751e8b465ee728b)  -> (artifact id: '06df1a557151912a8c8701acbae7db8d') in 0.334098 seconds 
  Import took 0.340453 seconds .

========================================================================
Received Import Request.
  Time since last request: 75.540833 seconds.
  path: Assets/Models/Room.fbx
  artifactKey: Guid(37a81c577d243ab4b91e678190890017) Importer(815301076,1909f56bfc062723c751e8b465ee728b)
Start importing Assets/Models/Room.fbx using Guid(37a81c577d243ab4b91e678190890017) Importer(815301076,1909f56bfc062723c751e8b465ee728b)  -> (artifact id: '04e0abf704049ef990a442f62b9be04e') in 0.076964 seconds 
  Import took 0.084357 seconds .

========================================================================
Received Import Request.
  Time since last request: 16.077527 seconds.
  path: Assets/Models/Room.fbx
  artifactKey: Guid(37a81c577d243ab4b91e678190890017) Importer(815301076,1909f56bfc062723c751e8b465ee728b)
Start importing Assets/Models/Room.fbx using Guid(37a81c577d243ab4b91e678190890017) Importer(815301076,1909f56bfc062723c751e8b465ee728b)  -> (artifact id: '17451f989a844d7de40d518cb2ff3bcb') in 0.376731 seconds 
  Import took 0.384416 seconds .

========================================================================
Received Import Request.
  Time since last request: 55.853896 seconds.
  path: Assets/Models/Room.fbx
  artifactKey: Guid(37a81c577d243ab4b91e678190890017) Importer(815301076,1909f56bfc062723c751e8b465ee728b)
Start importing Assets/Models/Room.fbx using Guid(37a81c577d243ab4b91e678190890017) Importer(815301076,1909f56bfc062723c751e8b465ee728b)  -> (artifact id: 'a92cade1120988b344d57ddeb64fe30f') in 0.450872 seconds 
  Import took 0.457761 seconds .

========================================================================
Received Import Request.
  Time since last request: 200.881266 seconds.
  path: Assets/Models/Room.fbx
  artifactKey: Guid(37a81c577d243ab4b91e678190890017) Importer(815301076,1909f56bfc062723c751e8b465ee728b)
Start importing Assets/Models/Room.fbx using Guid(37a81c577d243ab4b91e678190890017) Importer(815301076,1909f56bfc062723c751e8b465ee728b)  -> (artifact id: 'e659d38082e8e165048995dcc39fa540') in 0.518152 seconds 
  Import took 0.524458 seconds .

